H:\VR\PORTAUDIO\BIN\CMAKEFILES\GENERATE.STAMP
H:\VR\PORTAUDIO\BIN\PORTAUDIO_STATIC.DIR\DEBUG\PA_X86_PLAIN_CONVERTERS.OBJ
H:\VR\PORTAUDIO\BIN\PORTAUDIO_STATIC.DIR\DEBUG\PA_WIN_COINITIALIZE.OBJ
H:\VR\PORTAUDIO\BIN\PORTAUDIO_STATIC.DIR\DEBUG\PA_WIN_WDMKS_UTILS.OBJ
H:\VR\PORTAUDIO\BIN\PORTAUDIO_STATIC.DIR\DEBUG\PA_WIN_WAVEFORMAT.OBJ
H:\VR\PORTAUDIO\BIN\PORTAUDIO_STATIC.DIR\DEBUG\PA_WIN_UTIL.OBJ
H:\VR\PORTAUDIO\BIN\PORTAUDIO_STATIC.DIR\DEBUG\PA_WIN_HOSTAPIS.OBJ
H:\VR\PORTAUDIO\BIN\PORTAUDIO_STATIC.DIR\DEBUG\PA_HOSTAPI_SKELETON.OBJ
H:\VR\PORTAUDIO\BIN\PORTAUDIO_STATIC.DIR\DEBUG\PA_WIN_WDMKS.OBJ
H:\VR\PORTAUDIO\BIN\PORTAUDIO_STATIC.DIR\DEBUG\PA_WIN_WASAPI.OBJ
H:\VR\PORTAUDIO\BIN\PORTAUDIO_STATIC.DIR\DEBUG\PA_WIN_WMME.OBJ
H:\VR\PORTAUDIO\BIN\PORTAUDIO_STATIC.DIR\DEBUG\PA_TRACE.OBJ
H:\VR\PORTAUDIO\BIN\PORTAUDIO_STATIC.DIR\DEBUG\PA_STREAM.OBJ
H:\VR\PORTAUDIO\BIN\PORTAUDIO_STATIC.DIR\DEBUG\PA_RINGBUFFER.OBJ
H:\VR\PORTAUDIO\BIN\PORTAUDIO_STATIC.DIR\DEBUG\PA_PROCESS.OBJ
H:\VR\PORTAUDIO\BIN\PORTAUDIO_STATIC.DIR\DEBUG\PA_FRONT.OBJ
H:\VR\PORTAUDIO\BIN\PORTAUDIO_STATIC.DIR\DEBUG\PA_DITHER.OBJ
H:\VR\PORTAUDIO\BIN\PORTAUDIO_STATIC.DIR\DEBUG\PA_DEBUGPRINT.OBJ
H:\VR\PORTAUDIO\BIN\PORTAUDIO_STATIC.DIR\DEBUG\PA_CPULOAD.OBJ
H:\VR\PORTAUDIO\BIN\PORTAUDIO_STATIC.DIR\DEBUG\PA_CONVERTERS.OBJ
H:\VR\PORTAUDIO\BIN\PORTAUDIO_STATIC.DIR\DEBUG\PA_ALLOCATION.OBJ
H:\VR\PORTAUDIO\BIN\PORTAUDIO_STATIC.DIR\DEBUG\VC110.PDB
H:\VR\PORTAUDIO\BIN\PORTAUDIO_STATIC.DIR\DEBUG\PA_ASIO.OBJ
H:\VR\PORTAUDIO\BIN\PORTAUDIO_STATIC.DIR\DEBUG\ASIODRIVERS.OBJ
H:\VR\PORTAUDIO\BIN\PORTAUDIO_STATIC.DIR\DEBUG\ASIOLIST.OBJ
H:\VR\PORTAUDIO\BIN\PORTAUDIO_STATIC.DIR\DEBUG\ASIO.OBJ
H:\VR\PORTAUDIO\BIN\DEBUG\PORTAUDIO_STATIC_X86.LIB
H:\VR\portaudio\bin\portaudio_static.dir\Debug\pa_x86_plain_converters.obj
H:\VR\portaudio\bin\portaudio_static.dir\Debug\pa_win_coinitialize.obj
H:\VR\portaudio\bin\portaudio_static.dir\Debug\pa_win_wdmks_utils.obj
H:\VR\portaudio\bin\portaudio_static.dir\Debug\pa_win_waveformat.obj
H:\VR\portaudio\bin\portaudio_static.dir\Debug\pa_win_util.obj
H:\VR\portaudio\bin\portaudio_static.dir\Debug\pa_win_hostapis.obj
H:\VR\portaudio\bin\portaudio_static.dir\Debug\pa_hostapi_skeleton.obj
H:\VR\portaudio\bin\portaudio_static.dir\Debug\pa_win_wdmks.obj
H:\VR\portaudio\bin\portaudio_static.dir\Debug\pa_win_wasapi.obj
H:\VR\portaudio\bin\portaudio_static.dir\Debug\pa_win_wmme.obj
H:\VR\portaudio\bin\portaudio_static.dir\Debug\pa_trace.obj
H:\VR\portaudio\bin\portaudio_static.dir\Debug\pa_stream.obj
H:\VR\portaudio\bin\portaudio_static.dir\Debug\pa_ringbuffer.obj
H:\VR\portaudio\bin\portaudio_static.dir\Debug\pa_process.obj
H:\VR\portaudio\bin\portaudio_static.dir\Debug\pa_front.obj
H:\VR\portaudio\bin\portaudio_static.dir\Debug\pa_dither.obj
H:\VR\portaudio\bin\portaudio_static.dir\Debug\pa_debugprint.obj
H:\VR\portaudio\bin\portaudio_static.dir\Debug\pa_cpuload.obj
H:\VR\portaudio\bin\portaudio_static.dir\Debug\pa_converters.obj
H:\VR\portaudio\bin\portaudio_static.dir\Debug\pa_allocation.obj
H:\VR\portaudio\bin\portaudio_static.dir\Debug\pa_asio.obj
H:\VR\portaudio\bin\portaudio_static.dir\Debug\asiodrivers.obj
H:\VR\portaudio\bin\portaudio_static.dir\Debug\asiolist.obj
H:\VR\portaudio\bin\portaudio_static.dir\Debug\asio.obj
H:\VR\portaudio\bin\portaudio_static.dir\Debug\custombuild.write.1.tlog
H:\VR\portaudio\bin\portaudio_static.dir\Debug\custombuild.read.1.tlog
H:\VR\portaudio\bin\portaudio_static.dir\Debug\custombuild.command.1.tlog
H:\VR\portaudio\bin\portaudio_static.dir\Debug\CL.read.1.tlog
H:\VR\portaudio\bin\portaudio_static.dir\Debug\CL.write.1.tlog
H:\VR\portaudio\bin\portaudio_static.dir\Debug\cl.command.1.tlog
H:\VR\portaudio\bin\portaudio_static.dir\Debug\Lib-link.read.1.tlog
H:\VR\portaudio\bin\portaudio_static.dir\Debug\Lib-link.write.1.tlog
H:\VR\portaudio\bin\portaudio_static.dir\Debug\lib.command.1.tlog
H:\VR\portaudio\bin\portaudio_static.dir\Debug\vc110.pdb
H:\VR\portaudio\bin\Debug\portaudio_static_x86.lib
